<?xml version="1.0" encoding="UTF-8"?>
<!-- Generated by org.testng.reporters.JUnitReportReporter -->
<testsuite hostname="LAPTOP-MD35P1KQ" failures="0" tests="8" name="com.qa.testcases.HomePageTest" time="97.105" errors="0" timestamp="2020-08-06T11:03:34 GMT-04:00" skipped="0">
  <testcase classname="com.qa.testcases.HomePageTest" name="welcomeverify" time="19.058"/>
  <system-out/>
  <testcase classname="com.qa.testcases.HomePageTest" name="welcomeverify" time="19.612"/>
  <system-out/>
  <testcase classname="com.qa.testcases.HomePageTest" name="welcomeverify" time="10.476"/>
  <system-out/>
  <testcase classname="com.qa.testcases.HomePageTest" name="verifylogo" time="9.158"/>
  <system-out/>
  <testcase classname="com.qa.testcases.HomePageTest" name="versionverify" time="9.934"/>
  <system-out/>
  <testcase classname="com.qa.testcases.HomePageTest" name="dropverify" time="9.972"/>
  <system-out/>
  <testcase classname="com.qa.testcases.HomePageTest" name="verifysidetitle" time="9.332"/>
  <system-out/>
  <testcase classname="com.qa.testcases.HomePageTest" name="verifybank" time="9.563"/>
  <system-out/>
</testsuite> <!-- com.qa.testcases.HomePageTest -->
