<?xml version="1.0" encoding="UTF-8"?>
<!-- Generated by org.testng.reporters.JUnitReportReporter -->
<testsuite hostname="LAPTOP-MD35P1KQ" failures="0" tests="2" name="com.qa.testcases.ViewCheckingPageTest" time="24.767" errors="0" timestamp="2020-08-06T11:03:34 GMT-04:00" skipped="0">
  <testcase classname="com.qa.testcases.ViewCheckingPageTest" name="checkview" time="11.956"/>
  <system-out/>
  <testcase classname="com.qa.testcases.ViewCheckingPageTest" name="toogle" time="12.811"/>
  <system-out/>
</testsuite> <!-- com.qa.testcases.ViewCheckingPageTest -->
