<?xml version="1.0" encoding="UTF-8"?>
<!-- Generated by org.testng.reporters.JUnitReportReporter -->
<testsuite hostname="LAPTOP-MD35P1KQ" failures="0" tests="4" name="com.qa.testcases.CheckingPageTest" time="53.712" errors="0" timestamp="2020-08-06T11:03:34 GMT-04:00" skipped="0">
  <testcase classname="com.qa.testcases.CheckingPageTest" name="checknewlinkpage" time="12.813"/>
  <system-out/>
  <testcase classname="com.qa.testcases.CheckingPageTest" name="creatingaccount1" time="14.823"/>
  <system-out/>
  <testcase classname="com.qa.testcases.CheckingPageTest" name="creatingaccount2" time="13.868"/>
  <system-out/>
  <testcase classname="com.qa.testcases.CheckingPageTest" name="resetaccount" time="12.208"/>
  <system-out/>
</testsuite> <!-- com.qa.testcases.CheckingPageTest -->
