<?xml version="1.0" encoding="UTF-8"?>
<!-- Generated by org.testng.reporters.JUnitReportReporter -->
<testsuite hostname="LAPTOP-MD35P1KQ" failures="0" tests="2" name="com.qa.testcases.ViewCheckingPageTest" time="26.096" errors="0" timestamp="2020-08-06T15:49:37 GMT-04:00" skipped="0">
  <testcase classname="com.qa.testcases.ViewCheckingPageTest" name="checkview" time="12.385"/>
  <system-out/>
  <testcase classname="com.qa.testcases.ViewCheckingPageTest" name="toogle" time="13.711"/>
  <system-out/>
</testsuite> <!-- com.qa.testcases.ViewCheckingPageTest -->
