<?xml version="1.0" encoding="UTF-8"?>
<!-- Generated by org.testng.reporters.JUnitReportReporter -->
<testsuite hostname="LAPTOP-MD35P1KQ" failures="0" tests="8" name="com.qa.testcases.HomePageTest" time="101.767" errors="0" timestamp="2020-08-06T15:49:37 GMT-04:00" skipped="0">
  <testcase classname="com.qa.testcases.HomePageTest" name="welcomeverify" time="21.192"/>
  <system-out/>
  <testcase classname="com.qa.testcases.HomePageTest" name="welcomeverify" time="21.583"/>
  <system-out/>
  <testcase classname="com.qa.testcases.HomePageTest" name="welcomeverify" time="9.349"/>
  <system-out/>
  <testcase classname="com.qa.testcases.HomePageTest" name="verifylogo" time="9.050"/>
  <system-out/>
  <testcase classname="com.qa.testcases.HomePageTest" name="versionverify" time="10.292"/>
  <system-out/>
  <testcase classname="com.qa.testcases.HomePageTest" name="dropverify" time="10.071"/>
  <system-out/>
  <testcase classname="com.qa.testcases.HomePageTest" name="verifysidetitle" time="10.448"/>
  <system-out/>
  <testcase classname="com.qa.testcases.HomePageTest" name="verifybank" time="9.782"/>
  <system-out/>
</testsuite> <!-- com.qa.testcases.HomePageTest -->
